2023-03-05 11:43:06,007 INFO org.springframework.boot.StartupInfoLogger [main] Starting BackendApplication using Java 19.0.2 on Macbook-Long.local with PID 1600 (/Users/mac/Documents/DuAnTotNghiep/Backend/Bản sao sell_electronic_devices_backend/target/classes started by mac in /Users/mac/Documents/DuAnTotNghiep/Backend/Bản sao sell_electronic_devices_backend)
2023-03-05 11:43:06,009 INFO org.springframework.boot.SpringApplication [main] The following 1 profile is active: "dev"
2023-03-05 11:43:06,483 INFO org.springframework.data.repository.config.RepositoryConfigurationDelegate [main] Bootstrapping Spring Data JPA repositories in DEFAULT mode.
2023-03-05 11:43:06,553 INFO org.springframework.data.repository.config.RepositoryConfigurationDelegate [main] Finished Spring Data repository scanning in 65 ms. Found 23 JPA repository interfaces.
2023-03-05 11:43:06,860 INFO org.springframework.boot.web.embedded.tomcat.TomcatWebServer [main] Tomcat initialized with port(s): 8080 (http)
2023-03-05 11:43:06,865 INFO org.apache.juli.logging.DirectJDKLog [main] Initializing ProtocolHandler ["http-nio-8080"]
2023-03-05 11:43:06,865 INFO org.apache.juli.logging.DirectJDKLog [main] Starting service [Tomcat]
2023-03-05 11:43:06,865 INFO org.apache.juli.logging.DirectJDKLog [main] Starting Servlet engine: [Apache Tomcat/9.0.69]
2023-03-05 11:43:06,933 INFO org.apache.juli.logging.DirectJDKLog [main] Initializing Spring embedded WebApplicationContext
2023-03-05 11:43:06,933 INFO org.springframework.boot.web.servlet.context.ServletWebServerApplicationContext [main] Root WebApplicationContext: initialization completed in 809 ms
2023-03-05 11:43:07,130 INFO com.zaxxer.hikari.HikariDataSource [main] HikariPool-1 - Starting...
2023-03-05 11:43:07,338 INFO com.zaxxer.hikari.HikariDataSource [main] HikariPool-1 - Start completed.
2023-03-05 11:43:07,727 INFO org.springframework.orm.jpa.AbstractEntityManagerFactoryBean [main] Initialized JPA EntityManagerFactory for persistence unit 'default'
2023-03-05 11:43:08,246 WARN org.springframework.boot.autoconfigure.orm.jpa.JpaBaseConfiguration$JpaWebConfiguration [main] spring.jpa.open-in-view is enabled by default. Therefore, database queries may be performed during view rendering. Explicitly configure spring.jpa.open-in-view to disable this warning
2023-03-05 11:43:08,850 INFO org.apache.juli.logging.DirectJDKLog [main] Starting ProtocolHandler ["http-nio-8080"]
2023-03-05 11:43:08,862 INFO org.springframework.boot.web.embedded.tomcat.TomcatWebServer [main] Tomcat started on port(s): 8080 (http) with context path ''
2023-03-05 11:43:08,869 INFO org.springframework.boot.StartupInfoLogger [main] Started BackendApplication in 3.254 seconds (JVM running for 3.524)
2023-03-05 11:43:52,562 INFO org.apache.juli.logging.DirectJDKLog [http-nio-8080-exec-1] Initializing Spring DispatcherServlet 'dispatcherServlet'
2023-03-05 11:43:52,563 INFO org.springframework.web.servlet.FrameworkServlet [http-nio-8080-exec-1] Initializing Servlet 'dispatcherServlet'
2023-03-05 11:43:52,563 INFO org.springframework.web.servlet.FrameworkServlet [http-nio-8080-exec-1] Completed initialization in 0 ms
2023-03-05 14:13:12,650 INFO org.springframework.orm.jpa.AbstractEntityManagerFactoryBean [SpringApplicationShutdownHook] Closing JPA EntityManagerFactory for persistence unit 'default'
2023-03-05 14:13:12,651 INFO com.zaxxer.hikari.HikariDataSource [SpringApplicationShutdownHook] HikariPool-1 - Shutdown initiated...
2023-03-05 14:13:12,718 INFO com.zaxxer.hikari.HikariDataSource [SpringApplicationShutdownHook] HikariPool-1 - Shutdown completed.
