2023-02-07 00:02:47,583 INFO org.springframework.test.context.support.AbstractTestContextBootstrapper [main] Neither @ContextConfiguration nor @ContextHierarchy found for test class [com.poly.datn.BackendApplicationTests], using SpringBootContextLoader
2023-02-07 00:02:47,606 INFO org.springframework.test.context.support.AbstractContextLoader [main] Could not detect default resource locations for test class [com.poly.datn.BackendApplicationTests]: no resource found for suffixes {-context.xml, Context.groovy}.
2023-02-07 00:02:47,608 INFO org.springframework.test.context.support.AnnotationConfigContextLoaderUtils [main] Could not detect default configuration classes for test class [com.poly.datn.BackendApplicationTests]: BackendApplicationTests does not declare any static, non-private, non-final, nested classes annotated with @Configuration.
2023-02-07 00:02:47,838 INFO org.springframework.boot.test.context.SpringBootTestContextBootstrapper [main] Found @SpringBootConfiguration com.poly.datn.BackendApplication for test class com.poly.datn.BackendApplicationTests
2023-02-07 00:02:47,986 INFO org.springframework.test.context.support.AbstractTestContextBootstrapper [main] Loaded default TestExecutionListener class names from location [META-INF/spring.factories]: [org.springframework.boot.test.mock.mockito.MockitoTestExecutionListener, org.springframework.boot.test.mock.mockito.ResetMocksTestExecutionListener, org.springframework.boot.test.autoconfigure.restdocs.RestDocsTestExecutionListener, org.springframework.boot.test.autoconfigure.web.client.MockRestServiceServerResetTestExecutionListener, org.springframework.boot.test.autoconfigure.web.servlet.MockMvcPrintOnlyOnFailureTestExecutionListener, org.springframework.boot.test.autoconfigure.web.servlet.WebDriverTestExecutionListener, org.springframework.boot.test.autoconfigure.webservices.client.MockWebServiceServerTestExecutionListener, org.springframework.test.context.web.ServletTestExecutionListener, org.springframework.test.context.support.DirtiesContextBeforeModesTestExecutionListener, org.springframework.test.context.event.ApplicationEventsTestExecutionListener, org.springframework.test.context.support.DependencyInjectionTestExecutionListener, org.springframework.test.context.support.DirtiesContextTestExecutionListener, org.springframework.test.context.transaction.TransactionalTestExecutionListener, org.springframework.test.context.jdbc.SqlScriptsTestExecutionListener, org.springframework.test.context.event.EventPublishingTestExecutionListener]
2023-02-07 00:02:48,015 INFO org.springframework.test.context.support.AbstractTestContextBootstrapper [main] Using TestExecutionListeners: [org.springframework.test.context.web.ServletTestExecutionListener@478ee483, org.springframework.test.context.support.DirtiesContextBeforeModesTestExecutionListener@1a7288a3, org.springframework.test.context.event.ApplicationEventsTestExecutionListener@2974f221, org.springframework.boot.test.mock.mockito.MockitoTestExecutionListener@58fe0499, org.springframework.boot.test.autoconfigure.SpringBootDependencyInjectionTestExecutionListener@686449f9, org.springframework.test.context.support.DirtiesContextTestExecutionListener@665df3c6, org.springframework.test.context.transaction.TransactionalTestExecutionListener@68b6f0d6, org.springframework.test.context.jdbc.SqlScriptsTestExecutionListener@4044fb95, org.springframework.test.context.event.EventPublishingTestExecutionListener@aa549e5, org.springframework.boot.test.mock.mockito.ResetMocksTestExecutionListener@36f48b4, org.springframework.boot.test.autoconfigure.restdocs.RestDocsTestExecutionListener@5c00384f, org.springframework.boot.test.autoconfigure.web.client.MockRestServiceServerResetTestExecutionListener@3b7ff809, org.springframework.boot.test.autoconfigure.web.servlet.MockMvcPrintOnlyOnFailureTestExecutionListener@1bb564e2, org.springframework.boot.test.autoconfigure.web.servlet.WebDriverTestExecutionListener@62e6b5c8, org.springframework.boot.test.autoconfigure.webservices.client.MockWebServiceServerTestExecutionListener@3f792b9b]
2023-02-07 00:02:48,551 INFO org.springframework.boot.StartupInfoLogger [main] Starting BackendApplicationTests using Java 15.0.2 on Admin with PID 5312 (started by Admin in C:\Users\Admin\Desktop\sell_electronic_devices_backend)
2023-02-07 00:02:48,552 INFO org.springframework.boot.SpringApplication [main] No active profile set, falling back to 1 default profile: "default"
2023-02-07 00:02:49,872 INFO org.springframework.data.repository.config.RepositoryConfigurationDelegate [main] Bootstrapping Spring Data JPA repositories in DEFAULT mode.
2023-02-07 00:02:50,145 INFO org.springframework.data.repository.config.RepositoryConfigurationDelegate [main] Finished Spring Data repository scanning in 258 ms. Found 25 JPA repository interfaces.
2023-02-07 00:02:51,837 INFO com.zaxxer.hikari.HikariDataSource [main] HikariPool-1 - Starting...
2023-02-07 00:02:52,216 INFO com.zaxxer.hikari.HikariDataSource [main] HikariPool-1 - Start completed.
2023-02-07 00:02:53,714 INFO org.springframework.orm.jpa.AbstractEntityManagerFactoryBean [main] Initialized JPA EntityManagerFactory for persistence unit 'default'
2023-02-07 00:02:55,074 WARN org.springframework.boot.autoconfigure.orm.jpa.JpaBaseConfiguration$JpaWebConfiguration [main] spring.jpa.open-in-view is enabled by default. Therefore, database queries may be performed during view rendering. Explicitly configure spring.jpa.open-in-view to disable this warning
2023-02-07 00:02:58,323 INFO org.springframework.boot.StartupInfoLogger [main] Started BackendApplicationTests in 10.23 seconds (JVM running for 11.921)
2023-02-07 00:02:58,754 INFO org.springframework.orm.jpa.AbstractEntityManagerFactoryBean [SpringApplicationShutdownHook] Closing JPA EntityManagerFactory for persistence unit 'default'
2023-02-07 00:02:58,759 INFO com.zaxxer.hikari.HikariDataSource [SpringApplicationShutdownHook] HikariPool-1 - Shutdown initiated...
2023-02-07 00:02:58,780 INFO com.zaxxer.hikari.HikariDataSource [SpringApplicationShutdownHook] HikariPool-1 - Shutdown completed.
2023-02-07 00:06:24,199 INFO org.springframework.test.context.support.AbstractTestContextBootstrapper [main] Neither @ContextConfiguration nor @ContextHierarchy found for test class [com.poly.datn.BackendApplicationTests], using SpringBootContextLoader
2023-02-07 00:06:24,212 INFO org.springframework.test.context.support.AbstractContextLoader [main] Could not detect default resource locations for test class [com.poly.datn.BackendApplicationTests]: no resource found for suffixes {-context.xml, Context.groovy}.
2023-02-07 00:06:24,213 INFO org.springframework.test.context.support.AnnotationConfigContextLoaderUtils [main] Could not detect default configuration classes for test class [com.poly.datn.BackendApplicationTests]: BackendApplicationTests does not declare any static, non-private, non-final, nested classes annotated with @Configuration.
2023-02-07 00:06:24,397 INFO org.springframework.boot.test.context.SpringBootTestContextBootstrapper [main] Found @SpringBootConfiguration com.poly.datn.BackendApplication for test class com.poly.datn.BackendApplicationTests
2023-02-07 00:06:24,570 INFO org.springframework.test.context.support.AbstractTestContextBootstrapper [main] Loaded default TestExecutionListener class names from location [META-INF/spring.factories]: [org.springframework.boot.test.mock.mockito.MockitoTestExecutionListener, org.springframework.boot.test.mock.mockito.ResetMocksTestExecutionListener, org.springframework.boot.test.autoconfigure.restdocs.RestDocsTestExecutionListener, org.springframework.boot.test.autoconfigure.web.client.MockRestServiceServerResetTestExecutionListener, org.springframework.boot.test.autoconfigure.web.servlet.MockMvcPrintOnlyOnFailureTestExecutionListener, org.springframework.boot.test.autoconfigure.web.servlet.WebDriverTestExecutionListener, org.springframework.boot.test.autoconfigure.webservices.client.MockWebServiceServerTestExecutionListener, org.springframework.test.context.web.ServletTestExecutionListener, org.springframework.test.context.support.DirtiesContextBeforeModesTestExecutionListener, org.springframework.test.context.event.ApplicationEventsTestExecutionListener, org.springframework.test.context.support.DependencyInjectionTestExecutionListener, org.springframework.test.context.support.DirtiesContextTestExecutionListener, org.springframework.test.context.transaction.TransactionalTestExecutionListener, org.springframework.test.context.jdbc.SqlScriptsTestExecutionListener, org.springframework.test.context.event.EventPublishingTestExecutionListener]
2023-02-07 00:06:24,596 INFO org.springframework.test.context.support.AbstractTestContextBootstrapper [main] Using TestExecutionListeners: [org.springframework.test.context.web.ServletTestExecutionListener@1021f6c9, org.springframework.test.context.support.DirtiesContextBeforeModesTestExecutionListener@7516e4e5, org.springframework.test.context.event.ApplicationEventsTestExecutionListener@488eb7f2, org.springframework.boot.test.mock.mockito.MockitoTestExecutionListener@5e81e5ac, org.springframework.boot.test.autoconfigure.SpringBootDependencyInjectionTestExecutionListener@4189d70b, org.springframework.test.context.support.DirtiesContextTestExecutionListener@3fa2213, org.springframework.test.context.transaction.TransactionalTestExecutionListener@3e7634b9, org.springframework.test.context.jdbc.SqlScriptsTestExecutionListener@6f0b0a5e, org.springframework.test.context.event.EventPublishingTestExecutionListener@6035b93b, org.springframework.boot.test.mock.mockito.ResetMocksTestExecutionListener@320de594, org.springframework.boot.test.autoconfigure.restdocs.RestDocsTestExecutionListener@3dd1dc90, org.springframework.boot.test.autoconfigure.web.client.MockRestServiceServerResetTestExecutionListener@abf688e, org.springframework.boot.test.autoconfigure.web.servlet.MockMvcPrintOnlyOnFailureTestExecutionListener@478ee483, org.springframework.boot.test.autoconfigure.web.servlet.WebDriverTestExecutionListener@1a7288a3, org.springframework.boot.test.autoconfigure.webservices.client.MockWebServiceServerTestExecutionListener@2974f221]
2023-02-07 00:06:25,197 INFO org.springframework.boot.StartupInfoLogger [main] Starting BackendApplicationTests using Java 15.0.2 on Admin with PID 16516 (started by Admin in C:\Users\Admin\Desktop\sell_electronic_devices_backend)
2023-02-07 00:06:25,198 INFO org.springframework.boot.SpringApplication [main] No active profile set, falling back to 1 default profile: "default"
2023-02-07 00:06:26,386 INFO org.springframework.data.repository.config.RepositoryConfigurationDelegate [main] Bootstrapping Spring Data JPA repositories in DEFAULT mode.
2023-02-07 00:06:26,594 INFO org.springframework.data.repository.config.RepositoryConfigurationDelegate [main] Finished Spring Data repository scanning in 195 ms. Found 25 JPA repository interfaces.
2023-02-07 00:06:28,090 INFO com.zaxxer.hikari.HikariDataSource [main] HikariPool-1 - Starting...
2023-02-07 00:06:28,481 INFO com.zaxxer.hikari.HikariDataSource [main] HikariPool-1 - Start completed.
2023-02-07 00:06:29,840 INFO org.springframework.orm.jpa.AbstractEntityManagerFactoryBean [main] Initialized JPA EntityManagerFactory for persistence unit 'default'
2023-02-07 00:06:31,125 WARN org.springframework.boot.autoconfigure.orm.jpa.JpaBaseConfiguration$JpaWebConfiguration [main] spring.jpa.open-in-view is enabled by default. Therefore, database queries may be performed during view rendering. Explicitly configure spring.jpa.open-in-view to disable this warning
2023-02-07 00:06:33,687 INFO org.springframework.boot.StartupInfoLogger [main] Started BackendApplicationTests in 9.005 seconds (JVM running for 10.746)
2023-02-07 00:06:34,032 INFO org.springframework.orm.jpa.AbstractEntityManagerFactoryBean [SpringApplicationShutdownHook] Closing JPA EntityManagerFactory for persistence unit 'default'
2023-02-07 00:06:34,036 INFO com.zaxxer.hikari.HikariDataSource [SpringApplicationShutdownHook] HikariPool-1 - Shutdown initiated...
2023-02-07 00:06:34,052 INFO com.zaxxer.hikari.HikariDataSource [SpringApplicationShutdownHook] HikariPool-1 - Shutdown completed.
2023-02-07 00:15:27,260 INFO org.springframework.test.context.support.AbstractTestContextBootstrapper [main] Neither @ContextConfiguration nor @ContextHierarchy found for test class [com.poly.datn.BackendApplicationTests], using SpringBootContextLoader
2023-02-07 00:15:27,273 INFO org.springframework.test.context.support.AbstractContextLoader [main] Could not detect default resource locations for test class [com.poly.datn.BackendApplicationTests]: no resource found for suffixes {-context.xml, Context.groovy}.
2023-02-07 00:15:27,275 INFO org.springframework.test.context.support.AnnotationConfigContextLoaderUtils [main] Could not detect default configuration classes for test class [com.poly.datn.BackendApplicationTests]: BackendApplicationTests does not declare any static, non-private, non-final, nested classes annotated with @Configuration.
2023-02-07 00:15:27,443 INFO org.springframework.boot.test.context.SpringBootTestContextBootstrapper [main] Found @SpringBootConfiguration com.poly.datn.BackendApplication for test class com.poly.datn.BackendApplicationTests
2023-02-07 00:15:27,617 INFO org.springframework.test.context.support.AbstractTestContextBootstrapper [main] Loaded default TestExecutionListener class names from location [META-INF/spring.factories]: [org.springframework.boot.test.mock.mockito.MockitoTestExecutionListener, org.springframework.boot.test.mock.mockito.ResetMocksTestExecutionListener, org.springframework.boot.test.autoconfigure.restdocs.RestDocsTestExecutionListener, org.springframework.boot.test.autoconfigure.web.client.MockRestServiceServerResetTestExecutionListener, org.springframework.boot.test.autoconfigure.web.servlet.MockMvcPrintOnlyOnFailureTestExecutionListener, org.springframework.boot.test.autoconfigure.web.servlet.WebDriverTestExecutionListener, org.springframework.boot.test.autoconfigure.webservices.client.MockWebServiceServerTestExecutionListener, org.springframework.test.context.web.ServletTestExecutionListener, org.springframework.test.context.support.DirtiesContextBeforeModesTestExecutionListener, org.springframework.test.context.event.ApplicationEventsTestExecutionListener, org.springframework.test.context.support.DependencyInjectionTestExecutionListener, org.springframework.test.context.support.DirtiesContextTestExecutionListener, org.springframework.test.context.transaction.TransactionalTestExecutionListener, org.springframework.test.context.jdbc.SqlScriptsTestExecutionListener, org.springframework.test.context.event.EventPublishingTestExecutionListener]
2023-02-07 00:15:27,649 INFO org.springframework.test.context.support.AbstractTestContextBootstrapper [main] Using TestExecutionListeners: [org.springframework.test.context.web.ServletTestExecutionListener@1021f6c9, org.springframework.test.context.support.DirtiesContextBeforeModesTestExecutionListener@7516e4e5, org.springframework.test.context.event.ApplicationEventsTestExecutionListener@488eb7f2, org.springframework.boot.test.mock.mockito.MockitoTestExecutionListener@5e81e5ac, org.springframework.boot.test.autoconfigure.SpringBootDependencyInjectionTestExecutionListener@4189d70b, org.springframework.test.context.support.DirtiesContextTestExecutionListener@3fa2213, org.springframework.test.context.transaction.TransactionalTestExecutionListener@3e7634b9, org.springframework.test.context.jdbc.SqlScriptsTestExecutionListener@6f0b0a5e, org.springframework.test.context.event.EventPublishingTestExecutionListener@6035b93b, org.springframework.boot.test.mock.mockito.ResetMocksTestExecutionListener@320de594, org.springframework.boot.test.autoconfigure.restdocs.RestDocsTestExecutionListener@3dd1dc90, org.springframework.boot.test.autoconfigure.web.client.MockRestServiceServerResetTestExecutionListener@abf688e, org.springframework.boot.test.autoconfigure.web.servlet.MockMvcPrintOnlyOnFailureTestExecutionListener@478ee483, org.springframework.boot.test.autoconfigure.web.servlet.WebDriverTestExecutionListener@1a7288a3, org.springframework.boot.test.autoconfigure.webservices.client.MockWebServiceServerTestExecutionListener@2974f221]
2023-02-07 00:15:28,178 INFO org.springframework.boot.StartupInfoLogger [main] Starting BackendApplicationTests using Java 15.0.2 on Admin with PID 8828 (started by Admin in C:\Users\Admin\Desktop\sell_electronic_devices_backend)
2023-02-07 00:15:28,179 INFO org.springframework.boot.SpringApplication [main] No active profile set, falling back to 1 default profile: "default"
2023-02-07 00:15:29,298 INFO org.springframework.data.repository.config.RepositoryConfigurationDelegate [main] Bootstrapping Spring Data JPA repositories in DEFAULT mode.
2023-02-07 00:15:29,507 INFO org.springframework.data.repository.config.RepositoryConfigurationDelegate [main] Finished Spring Data repository scanning in 197 ms. Found 25 JPA repository interfaces.
2023-02-07 00:15:30,881 INFO com.zaxxer.hikari.HikariDataSource [main] HikariPool-1 - Starting...
2023-02-07 00:15:31,164 INFO com.zaxxer.hikari.HikariDataSource [main] HikariPool-1 - Start completed.
2023-02-07 00:15:32,410 INFO org.springframework.orm.jpa.AbstractEntityManagerFactoryBean [main] Initialized JPA EntityManagerFactory for persistence unit 'default'
2023-02-07 00:15:33,581 WARN org.springframework.boot.autoconfigure.orm.jpa.JpaBaseConfiguration$JpaWebConfiguration [main] spring.jpa.open-in-view is enabled by default. Therefore, database queries may be performed during view rendering. Explicitly configure spring.jpa.open-in-view to disable this warning
2023-02-07 00:15:36,171 INFO org.springframework.boot.StartupInfoLogger [main] Started BackendApplicationTests in 8.436 seconds (JVM running for 9.905)
2023-02-07 00:15:36,544 INFO org.springframework.orm.jpa.AbstractEntityManagerFactoryBean [SpringApplicationShutdownHook] Closing JPA EntityManagerFactory for persistence unit 'default'
2023-02-07 00:15:36,548 INFO com.zaxxer.hikari.HikariDataSource [SpringApplicationShutdownHook] HikariPool-1 - Shutdown initiated...
2023-02-07 00:15:36,567 INFO com.zaxxer.hikari.HikariDataSource [SpringApplicationShutdownHook] HikariPool-1 - Shutdown completed.
2023-02-07 00:36:55,007 INFO org.springframework.test.context.support.AbstractTestContextBootstrapper [main] Neither @ContextConfiguration nor @ContextHierarchy found for test class [com.poly.datn.BackendApplicationTests], using SpringBootContextLoader
2023-02-07 00:36:55,020 INFO org.springframework.test.context.support.AbstractContextLoader [main] Could not detect default resource locations for test class [com.poly.datn.BackendApplicationTests]: no resource found for suffixes {-context.xml, Context.groovy}.
2023-02-07 00:36:55,022 INFO org.springframework.test.context.support.AnnotationConfigContextLoaderUtils [main] Could not detect default configuration classes for test class [com.poly.datn.BackendApplicationTests]: BackendApplicationTests does not declare any static, non-private, non-final, nested classes annotated with @Configuration.
2023-02-07 00:36:55,224 INFO org.springframework.boot.test.context.SpringBootTestContextBootstrapper [main] Found @SpringBootConfiguration com.poly.datn.BackendApplication for test class com.poly.datn.BackendApplicationTests
2023-02-07 00:36:55,385 INFO org.springframework.test.context.support.AbstractTestContextBootstrapper [main] Loaded default TestExecutionListener class names from location [META-INF/spring.factories]: [org.springframework.boot.test.mock.mockito.MockitoTestExecutionListener, org.springframework.boot.test.mock.mockito.ResetMocksTestExecutionListener, org.springframework.boot.test.autoconfigure.restdocs.RestDocsTestExecutionListener, org.springframework.boot.test.autoconfigure.web.client.MockRestServiceServerResetTestExecutionListener, org.springframework.boot.test.autoconfigure.web.servlet.MockMvcPrintOnlyOnFailureTestExecutionListener, org.springframework.boot.test.autoconfigure.web.servlet.WebDriverTestExecutionListener, org.springframework.boot.test.autoconfigure.webservices.client.MockWebServiceServerTestExecutionListener, org.springframework.test.context.web.ServletTestExecutionListener, org.springframework.test.context.support.DirtiesContextBeforeModesTestExecutionListener, org.springframework.test.context.event.ApplicationEventsTestExecutionListener, org.springframework.test.context.support.DependencyInjectionTestExecutionListener, org.springframework.test.context.support.DirtiesContextTestExecutionListener, org.springframework.test.context.transaction.TransactionalTestExecutionListener, org.springframework.test.context.jdbc.SqlScriptsTestExecutionListener, org.springframework.test.context.event.EventPublishingTestExecutionListener]
2023-02-07 00:36:55,413 INFO org.springframework.test.context.support.AbstractTestContextBootstrapper [main] Using TestExecutionListeners: [org.springframework.test.context.web.ServletTestExecutionListener@5e81e5ac, org.springframework.test.context.support.DirtiesContextBeforeModesTestExecutionListener@4189d70b, org.springframework.test.context.event.ApplicationEventsTestExecutionListener@3fa2213, org.springframework.boot.test.mock.mockito.MockitoTestExecutionListener@3e7634b9, org.springframework.boot.test.autoconfigure.SpringBootDependencyInjectionTestExecutionListener@6f0b0a5e, org.springframework.test.context.support.DirtiesContextTestExecutionListener@6035b93b, org.springframework.test.context.transaction.TransactionalTestExecutionListener@320de594, org.springframework.test.context.jdbc.SqlScriptsTestExecutionListener@3dd1dc90, org.springframework.test.context.event.EventPublishingTestExecutionListener@abf688e, org.springframework.boot.test.mock.mockito.ResetMocksTestExecutionListener@478ee483, org.springframework.boot.test.autoconfigure.restdocs.RestDocsTestExecutionListener@1a7288a3, org.springframework.boot.test.autoconfigure.web.client.MockRestServiceServerResetTestExecutionListener@2974f221, org.springframework.boot.test.autoconfigure.web.servlet.MockMvcPrintOnlyOnFailureTestExecutionListener@58fe0499, org.springframework.boot.test.autoconfigure.web.servlet.WebDriverTestExecutionListener@686449f9, org.springframework.boot.test.autoconfigure.webservices.client.MockWebServiceServerTestExecutionListener@665df3c6]
2023-02-07 00:36:55,836 INFO org.springframework.boot.StartupInfoLogger [main] Starting BackendApplicationTests using Java 15.0.2 on Admin with PID 3160 (started by Admin in C:\Users\Admin\Desktop\sell_electronic_devices_backend)
2023-02-07 00:36:55,838 INFO org.springframework.boot.SpringApplication [main] No active profile set, falling back to 1 default profile: "default"
2023-02-07 00:36:56,925 INFO org.springframework.data.repository.config.RepositoryConfigurationDelegate [main] Bootstrapping Spring Data JPA repositories in DEFAULT mode.
2023-02-07 00:36:57,135 INFO org.springframework.data.repository.config.RepositoryConfigurationDelegate [main] Finished Spring Data repository scanning in 194 ms. Found 25 JPA repository interfaces.
2023-02-07 00:36:58,418 INFO com.zaxxer.hikari.HikariDataSource [main] HikariPool-1 - Starting...
2023-02-07 00:37:00,655 INFO com.zaxxer.hikari.HikariDataSource [main] HikariPool-1 - Start completed.
2023-02-07 00:37:01,871 INFO org.springframework.orm.jpa.AbstractEntityManagerFactoryBean [main] Initialized JPA EntityManagerFactory for persistence unit 'default'
2023-02-07 00:37:05,777 WARN org.springframework.boot.autoconfigure.orm.jpa.JpaBaseConfiguration$JpaWebConfiguration [main] spring.jpa.open-in-view is enabled by default. Therefore, database queries may be performed during view rendering. Explicitly configure spring.jpa.open-in-view to disable this warning
2023-02-07 00:37:08,321 INFO org.springframework.boot.StartupInfoLogger [main] Started BackendApplicationTests in 12.847 seconds (JVM running for 14.558)
2023-02-07 00:37:08,594 INFO org.springframework.orm.jpa.AbstractEntityManagerFactoryBean [SpringApplicationShutdownHook] Closing JPA EntityManagerFactory for persistence unit 'default'
2023-02-07 00:37:08,598 INFO com.zaxxer.hikari.HikariDataSource [SpringApplicationShutdownHook] HikariPool-1 - Shutdown initiated...
2023-02-07 00:37:08,614 INFO com.zaxxer.hikari.HikariDataSource [SpringApplicationShutdownHook] HikariPool-1 - Shutdown completed.
2023-02-07 00:44:52,912 INFO org.springframework.test.context.support.AbstractTestContextBootstrapper [main] Neither @ContextConfiguration nor @ContextHierarchy found for test class [com.poly.datn.BackendApplicationTests], using SpringBootContextLoader
2023-02-07 00:44:52,925 INFO org.springframework.test.context.support.AbstractContextLoader [main] Could not detect default resource locations for test class [com.poly.datn.BackendApplicationTests]: no resource found for suffixes {-context.xml, Context.groovy}.
2023-02-07 00:44:52,928 INFO org.springframework.test.context.support.AnnotationConfigContextLoaderUtils [main] Could not detect default configuration classes for test class [com.poly.datn.BackendApplicationTests]: BackendApplicationTests does not declare any static, non-private, non-final, nested classes annotated with @Configuration.
2023-02-07 00:44:53,156 INFO org.springframework.boot.test.context.SpringBootTestContextBootstrapper [main] Found @SpringBootConfiguration com.poly.datn.BackendApplication for test class com.poly.datn.BackendApplicationTests
2023-02-07 00:44:53,290 INFO org.springframework.test.context.support.AbstractTestContextBootstrapper [main] Loaded default TestExecutionListener class names from location [META-INF/spring.factories]: [org.springframework.boot.test.mock.mockito.MockitoTestExecutionListener, org.springframework.boot.test.mock.mockito.ResetMocksTestExecutionListener, org.springframework.boot.test.autoconfigure.restdocs.RestDocsTestExecutionListener, org.springframework.boot.test.autoconfigure.web.client.MockRestServiceServerResetTestExecutionListener, org.springframework.boot.test.autoconfigure.web.servlet.MockMvcPrintOnlyOnFailureTestExecutionListener, org.springframework.boot.test.autoconfigure.web.servlet.WebDriverTestExecutionListener, org.springframework.boot.test.autoconfigure.webservices.client.MockWebServiceServerTestExecutionListener, org.springframework.test.context.web.ServletTestExecutionListener, org.springframework.test.context.support.DirtiesContextBeforeModesTestExecutionListener, org.springframework.test.context.event.ApplicationEventsTestExecutionListener, org.springframework.test.context.support.DependencyInjectionTestExecutionListener, org.springframework.test.context.support.DirtiesContextTestExecutionListener, org.springframework.test.context.transaction.TransactionalTestExecutionListener, org.springframework.test.context.jdbc.SqlScriptsTestExecutionListener, org.springframework.test.context.event.EventPublishingTestExecutionListener]
2023-02-07 00:44:53,317 INFO org.springframework.test.context.support.AbstractTestContextBootstrapper [main] Using TestExecutionListeners: [org.springframework.test.context.web.ServletTestExecutionListener@1021f6c9, org.springframework.test.context.support.DirtiesContextBeforeModesTestExecutionListener@7516e4e5, org.springframework.test.context.event.ApplicationEventsTestExecutionListener@488eb7f2, org.springframework.boot.test.mock.mockito.MockitoTestExecutionListener@5e81e5ac, org.springframework.boot.test.autoconfigure.SpringBootDependencyInjectionTestExecutionListener@4189d70b, org.springframework.test.context.support.DirtiesContextTestExecutionListener@3fa2213, org.springframework.test.context.transaction.TransactionalTestExecutionListener@3e7634b9, org.springframework.test.context.jdbc.SqlScriptsTestExecutionListener@6f0b0a5e, org.springframework.test.context.event.EventPublishingTestExecutionListener@6035b93b, org.springframework.boot.test.mock.mockito.ResetMocksTestExecutionListener@320de594, org.springframework.boot.test.autoconfigure.restdocs.RestDocsTestExecutionListener@3dd1dc90, org.springframework.boot.test.autoconfigure.web.client.MockRestServiceServerResetTestExecutionListener@abf688e, org.springframework.boot.test.autoconfigure.web.servlet.MockMvcPrintOnlyOnFailureTestExecutionListener@478ee483, org.springframework.boot.test.autoconfigure.web.servlet.WebDriverTestExecutionListener@1a7288a3, org.springframework.boot.test.autoconfigure.webservices.client.MockWebServiceServerTestExecutionListener@2974f221]
2023-02-07 00:44:53,927 INFO org.springframework.boot.StartupInfoLogger [main] Starting BackendApplicationTests using Java 15.0.2 on Admin with PID 9420 (started by Admin in C:\Users\Admin\Desktop\sell_electronic_devices_backend)
2023-02-07 00:44:53,929 INFO org.springframework.boot.SpringApplication [main] No active profile set, falling back to 1 default profile: "default"
2023-02-07 00:44:55,075 INFO org.springframework.data.repository.config.RepositoryConfigurationDelegate [main] Bootstrapping Spring Data JPA repositories in DEFAULT mode.
2023-02-07 00:44:55,327 INFO org.springframework.data.repository.config.RepositoryConfigurationDelegate [main] Finished Spring Data repository scanning in 234 ms. Found 25 JPA repository interfaces.
2023-02-07 00:44:56,737 INFO com.zaxxer.hikari.HikariDataSource [main] HikariPool-1 - Starting...
2023-02-07 00:44:57,407 INFO com.zaxxer.hikari.HikariDataSource [main] HikariPool-1 - Start completed.
2023-02-07 00:44:58,730 INFO org.springframework.orm.jpa.AbstractEntityManagerFactoryBean [main] Initialized JPA EntityManagerFactory for persistence unit 'default'
2023-02-07 00:44:59,722 WARN org.springframework.boot.autoconfigure.orm.jpa.JpaBaseConfiguration$JpaWebConfiguration [main] spring.jpa.open-in-view is enabled by default. Therefore, database queries may be performed during view rendering. Explicitly configure spring.jpa.open-in-view to disable this warning
2023-02-07 00:45:02,160 INFO org.springframework.boot.StartupInfoLogger [main] Started BackendApplicationTests in 8.762 seconds (JVM running for 10.234)
2023-02-07 00:45:02,459 INFO org.springframework.orm.jpa.AbstractEntityManagerFactoryBean [SpringApplicationShutdownHook] Closing JPA EntityManagerFactory for persistence unit 'default'
2023-02-07 00:45:02,464 INFO com.zaxxer.hikari.HikariDataSource [SpringApplicationShutdownHook] HikariPool-1 - Shutdown initiated...
2023-02-07 00:45:02,481 INFO com.zaxxer.hikari.HikariDataSource [SpringApplicationShutdownHook] HikariPool-1 - Shutdown completed.
2023-02-07 15:31:35,020 INFO org.springframework.boot.StartupInfoLogger [main] Starting BackendApplication using Java 11.0.17 on Admin with PID 8972 (C:\Users\Admin\Desktop\sell_electronic_devices_backend\target\classes started by Admin in C:\Users\Admin\Desktop\sell_electronic_devices_backend)
2023-02-07 15:31:35,029 INFO org.springframework.boot.SpringApplication [main] No active profile set, falling back to 1 default profile: "default"
2023-02-07 15:31:36,860 INFO org.springframework.data.repository.config.RepositoryConfigurationDelegate [main] Bootstrapping Spring Data JPA repositories in DEFAULT mode.
2023-02-07 15:31:37,212 INFO org.springframework.data.repository.config.RepositoryConfigurationDelegate [main] Finished Spring Data repository scanning in 328 ms. Found 25 JPA repository interfaces.
2023-02-07 15:31:37,583 INFO org.springframework.boot.StartupInfoLogger [main] Starting BackendApplication using Java 11.0.17 on Admin with PID 10152 (C:\Users\Admin\Desktop\sell_electronic_devices_backend\target\classes started by Admin in C:\Users\Admin\Desktop\sell_electronic_devices_backend)
2023-02-07 15:31:37,588 INFO org.springframework.boot.SpringApplication [main] No active profile set, falling back to 1 default profile: "default"
2023-02-07 15:31:38,304 INFO org.springframework.boot.web.embedded.tomcat.TomcatWebServer [main] Tomcat initialized with port(s): 8080 (http)
2023-02-07 15:31:38,322 INFO org.apache.juli.logging.DirectJDKLog [main] Initializing ProtocolHandler ["http-nio-8080"]
2023-02-07 15:31:38,324 INFO org.apache.juli.logging.DirectJDKLog [main] Starting service [Tomcat]
2023-02-07 15:31:38,324 INFO org.apache.juli.logging.DirectJDKLog [main] Starting Servlet engine: [Apache Tomcat/9.0.69]
2023-02-07 15:31:38,544 INFO org.apache.juli.logging.DirectJDKLog [main] Initializing Spring embedded WebApplicationContext
2023-02-07 15:31:38,544 INFO org.springframework.boot.web.servlet.context.ServletWebServerApplicationContext [main] Root WebApplicationContext: initialization completed in 3351 ms
2023-02-07 15:31:38,802 INFO org.springframework.data.repository.config.RepositoryConfigurationDelegate [main] Bootstrapping Spring Data JPA repositories in DEFAULT mode.
2023-02-07 15:31:39,036 INFO org.springframework.data.repository.config.RepositoryConfigurationDelegate [main] Finished Spring Data repository scanning in 218 ms. Found 25 JPA repository interfaces.
2023-02-07 15:31:39,284 INFO com.zaxxer.hikari.HikariDataSource [main] HikariPool-1 - Starting...
2023-02-07 15:31:39,826 INFO org.springframework.boot.web.embedded.tomcat.TomcatWebServer [main] Tomcat initialized with port(s): 8080 (http)
2023-02-07 15:31:39,838 INFO org.apache.juli.logging.DirectJDKLog [main] Initializing ProtocolHandler ["http-nio-8080"]
2023-02-07 15:31:39,839 INFO org.apache.juli.logging.DirectJDKLog [main] Starting service [Tomcat]
2023-02-07 15:31:39,840 INFO org.apache.juli.logging.DirectJDKLog [main] Starting Servlet engine: [Apache Tomcat/9.0.69]
2023-02-07 15:31:39,994 INFO org.apache.juli.logging.DirectJDKLog [main] Initializing Spring embedded WebApplicationContext
2023-02-07 15:31:39,994 INFO org.springframework.boot.web.servlet.context.ServletWebServerApplicationContext [main] Root WebApplicationContext: initialization completed in 2293 ms
2023-02-07 15:31:39,997 INFO com.zaxxer.hikari.HikariDataSource [main] HikariPool-1 - Start completed.
2023-02-07 15:31:40,651 INFO com.zaxxer.hikari.HikariDataSource [main] HikariPool-1 - Starting...
2023-02-07 15:31:41,244 INFO com.zaxxer.hikari.HikariDataSource [main] HikariPool-1 - Start completed.
2023-02-07 15:31:41,603 INFO org.springframework.orm.jpa.AbstractEntityManagerFactoryBean [main] Initialized JPA EntityManagerFactory for persistence unit 'default'
2023-02-07 15:31:42,519 WARN org.springframework.boot.autoconfigure.orm.jpa.JpaBaseConfiguration$JpaWebConfiguration [main] spring.jpa.open-in-view is enabled by default. Therefore, database queries may be performed during view rendering. Explicitly configure spring.jpa.open-in-view to disable this warning
2023-02-07 15:31:42,622 INFO org.springframework.orm.jpa.AbstractEntityManagerFactoryBean [main] Initialized JPA EntityManagerFactory for persistence unit 'default'
2023-02-07 15:31:43,561 WARN org.springframework.boot.autoconfigure.orm.jpa.JpaBaseConfiguration$JpaWebConfiguration [main] spring.jpa.open-in-view is enabled by default. Therefore, database queries may be performed during view rendering. Explicitly configure spring.jpa.open-in-view to disable this warning
2023-02-07 15:31:44,772 INFO org.apache.juli.logging.DirectJDKLog [main] Starting ProtocolHandler ["http-nio-8080"]
2023-02-07 15:31:44,804 INFO org.springframework.boot.web.embedded.tomcat.TomcatWebServer [main] Tomcat started on port(s): 8080 (http) with context path ''
2023-02-07 15:31:44,822 INFO org.springframework.boot.StartupInfoLogger [main] Started BackendApplication in 10.702 seconds (JVM running for 14.163)
2023-02-07 15:31:45,355 INFO org.apache.juli.logging.DirectJDKLog [main] Starting ProtocolHandler ["http-nio-8080"]
2023-02-07 15:31:45,364 WARN org.springframework.context.support.AbstractApplicationContext [main] Exception encountered during context initialization - cancelling refresh attempt: org.springframework.context.ApplicationContextException: Failed to start bean 'webServerStartStop'; nested exception is org.springframework.boot.web.server.PortInUseException: Port 8080 is already in use
2023-02-07 15:31:45,375 INFO org.springframework.orm.jpa.AbstractEntityManagerFactoryBean [main] Closing JPA EntityManagerFactory for persistence unit 'default'
2023-02-07 15:31:45,377 INFO com.zaxxer.hikari.HikariDataSource [main] HikariPool-1 - Shutdown initiated...
2023-02-07 15:31:45,398 INFO com.zaxxer.hikari.HikariDataSource [main] HikariPool-1 - Shutdown completed.
2023-02-07 15:31:45,401 INFO org.apache.juli.logging.DirectJDKLog [main] Pausing ProtocolHandler ["http-nio-8080"]
2023-02-07 15:31:45,402 INFO org.apache.juli.logging.DirectJDKLog [main] Stopping service [Tomcat]
2023-02-07 15:31:45,409 INFO org.apache.juli.logging.DirectJDKLog [main] Stopping ProtocolHandler ["http-nio-8080"]
2023-02-07 15:31:45,410 INFO org.apache.juli.logging.DirectJDKLog [main] Destroying ProtocolHandler ["http-nio-8080"]
2023-02-07 15:31:45,425 INFO org.springframework.boot.autoconfigure.logging.ConditionEvaluationReportLoggingListener [main] 

Error starting ApplicationContext. To display the conditions report re-run your application with 'debug' enabled.
2023-02-07 15:31:45,459 ERROR org.springframework.boot.diagnostics.LoggingFailureAnalysisReporter [main] 

***************************
APPLICATION FAILED TO START
***************************

Description:

Web server failed to start. Port 8080 was already in use.

Action:

Identify and stop the process that's listening on port 8080 or configure this application to listen on another port.

2023-02-07 15:32:05,949 INFO org.springframework.orm.jpa.AbstractEntityManagerFactoryBean [SpringApplicationShutdownHook] Closing JPA EntityManagerFactory for persistence unit 'default'
2023-02-07 15:32:05,955 INFO com.zaxxer.hikari.HikariDataSource [SpringApplicationShutdownHook] HikariPool-1 - Shutdown initiated...
2023-02-07 15:32:05,980 INFO com.zaxxer.hikari.HikariDataSource [SpringApplicationShutdownHook] HikariPool-1 - Shutdown completed.
2023-02-07 15:32:12,701 INFO org.springframework.boot.StartupInfoLogger [main] Starting BackendApplication using Java 11.0.17 on Admin with PID 588 (C:\Users\Admin\Desktop\sell_electronic_devices_backend\target\classes started by Admin in C:\Users\Admin\Desktop\sell_electronic_devices_backend)
2023-02-07 15:32:12,706 INFO org.springframework.boot.SpringApplication [main] No active profile set, falling back to 1 default profile: "default"
2023-02-07 15:32:13,639 INFO org.springframework.data.repository.config.RepositoryConfigurationDelegate [main] Bootstrapping Spring Data JPA repositories in DEFAULT mode.
2023-02-07 15:32:13,812 INFO org.springframework.data.repository.config.RepositoryConfigurationDelegate [main] Finished Spring Data repository scanning in 163 ms. Found 25 JPA repository interfaces.
2023-02-07 15:32:14,307 INFO org.springframework.boot.web.embedded.tomcat.TomcatWebServer [main] Tomcat initialized with port(s): 8080 (http)
2023-02-07 15:32:14,315 INFO org.apache.juli.logging.DirectJDKLog [main] Initializing ProtocolHandler ["http-nio-8080"]
2023-02-07 15:32:14,315 INFO org.apache.juli.logging.DirectJDKLog [main] Starting service [Tomcat]
2023-02-07 15:32:14,316 INFO org.apache.juli.logging.DirectJDKLog [main] Starting Servlet engine: [Apache Tomcat/9.0.69]
2023-02-07 15:32:14,429 INFO org.apache.juli.logging.DirectJDKLog [main] Initializing Spring embedded WebApplicationContext
2023-02-07 15:32:14,429 INFO org.springframework.boot.web.servlet.context.ServletWebServerApplicationContext [main] Root WebApplicationContext: initialization completed in 1643 ms
2023-02-07 15:32:14,864 INFO com.zaxxer.hikari.HikariDataSource [main] HikariPool-1 - Starting...
2023-02-07 15:32:15,226 INFO com.zaxxer.hikari.HikariDataSource [main] HikariPool-1 - Start completed.
2023-02-07 15:32:16,270 INFO org.springframework.orm.jpa.AbstractEntityManagerFactoryBean [main] Initialized JPA EntityManagerFactory for persistence unit 'default'
2023-02-07 15:32:16,776 WARN org.springframework.boot.autoconfigure.orm.jpa.JpaBaseConfiguration$JpaWebConfiguration [main] spring.jpa.open-in-view is enabled by default. Therefore, database queries may be performed during view rendering. Explicitly configure spring.jpa.open-in-view to disable this warning
2023-02-07 15:32:18,088 INFO org.apache.juli.logging.DirectJDKLog [main] Starting ProtocolHandler ["http-nio-8080"]
2023-02-07 15:32:18,110 INFO org.springframework.boot.web.embedded.tomcat.TomcatWebServer [main] Tomcat started on port(s): 8080 (http) with context path ''
2023-02-07 15:32:18,123 INFO org.springframework.boot.StartupInfoLogger [main] Started BackendApplication in 5.988 seconds (JVM running for 7.378)
2023-02-07 15:32:40,042 INFO org.apache.juli.logging.DirectJDKLog [http-nio-8080-exec-1] Initializing Spring DispatcherServlet 'dispatcherServlet'
2023-02-07 15:32:40,044 INFO org.springframework.web.servlet.FrameworkServlet [http-nio-8080-exec-1] Initializing Servlet 'dispatcherServlet'
2023-02-07 15:32:40,049 INFO org.springframework.web.servlet.FrameworkServlet [http-nio-8080-exec-1] Completed initialization in 4 ms
2023-02-07 15:33:31,783 INFO org.springframework.orm.jpa.AbstractEntityManagerFactoryBean [SpringApplicationShutdownHook] Closing JPA EntityManagerFactory for persistence unit 'default'
2023-02-07 15:33:31,789 INFO com.zaxxer.hikari.HikariDataSource [SpringApplicationShutdownHook] HikariPool-1 - Shutdown initiated...
2023-02-07 15:33:31,841 INFO com.zaxxer.hikari.HikariDataSource [SpringApplicationShutdownHook] HikariPool-1 - Shutdown completed.
2023-02-07 15:40:07,238 INFO org.springframework.boot.StartupInfoLogger [main] Starting BackendApplication using Java 11.0.17 on Admin with PID 13812 (C:\Users\Admin\Desktop\sell_electronic_devices_backend\target\classes started by Admin in C:\Users\Admin\Desktop\sell_electronic_devices_backend)
2023-02-07 15:40:07,244 INFO org.springframework.boot.SpringApplication [main] No active profile set, falling back to 1 default profile: "default"
2023-02-07 15:40:09,210 INFO org.springframework.data.repository.config.RepositoryConfigurationDelegate [main] Bootstrapping Spring Data JPA repositories in DEFAULT mode.
2023-02-07 15:40:09,434 INFO org.springframework.data.repository.config.RepositoryConfigurationDelegate [main] Finished Spring Data repository scanning in 210 ms. Found 25 JPA repository interfaces.
2023-02-07 15:40:10,191 INFO org.springframework.boot.web.embedded.tomcat.TomcatWebServer [main] Tomcat initialized with port(s): 8080 (http)
2023-02-07 15:40:10,206 INFO org.apache.juli.logging.DirectJDKLog [main] Initializing ProtocolHandler ["http-nio-8080"]
2023-02-07 15:40:10,208 INFO org.apache.juli.logging.DirectJDKLog [main] Starting service [Tomcat]
2023-02-07 15:40:10,208 INFO org.apache.juli.logging.DirectJDKLog [main] Starting Servlet engine: [Apache Tomcat/9.0.69]
2023-02-07 15:40:10,444 INFO org.apache.juli.logging.DirectJDKLog [main] Initializing Spring embedded WebApplicationContext
2023-02-07 15:40:10,445 INFO org.springframework.boot.web.servlet.context.ServletWebServerApplicationContext [main] Root WebApplicationContext: initialization completed in 3074 ms
2023-02-07 15:40:11,107 INFO com.zaxxer.hikari.HikariDataSource [main] HikariPool-1 - Starting...
2023-02-07 15:40:11,652 INFO com.zaxxer.hikari.HikariDataSource [main] HikariPool-1 - Start completed.
2023-02-07 15:40:12,927 INFO org.springframework.orm.jpa.AbstractEntityManagerFactoryBean [main] Initialized JPA EntityManagerFactory for persistence unit 'default'
2023-02-07 15:40:13,637 WARN org.springframework.boot.autoconfigure.orm.jpa.JpaBaseConfiguration$JpaWebConfiguration [main] spring.jpa.open-in-view is enabled by default. Therefore, database queries may be performed during view rendering. Explicitly configure spring.jpa.open-in-view to disable this warning
2023-02-07 15:40:15,248 INFO org.apache.juli.logging.DirectJDKLog [main] Starting ProtocolHandler ["http-nio-8080"]
2023-02-07 15:40:15,281 INFO org.springframework.boot.web.embedded.tomcat.TomcatWebServer [main] Tomcat started on port(s): 8080 (http) with context path ''
2023-02-07 15:40:15,300 INFO org.springframework.boot.StartupInfoLogger [main] Started BackendApplication in 8.698 seconds (JVM running for 10.426)
2023-02-07 15:40:30,680 INFO org.apache.juli.logging.DirectJDKLog [http-nio-8080-exec-1] Initializing Spring DispatcherServlet 'dispatcherServlet'
2023-02-07 15:40:30,682 INFO org.springframework.web.servlet.FrameworkServlet [http-nio-8080-exec-1] Initializing Servlet 'dispatcherServlet'
2023-02-07 15:40:30,685 INFO org.springframework.web.servlet.FrameworkServlet [http-nio-8080-exec-1] Completed initialization in 2 ms
2023-02-07 15:40:47,651 INFO org.springframework.orm.jpa.AbstractEntityManagerFactoryBean [SpringApplicationShutdownHook] Closing JPA EntityManagerFactory for persistence unit 'default'
2023-02-07 15:40:47,654 INFO com.zaxxer.hikari.HikariDataSource [SpringApplicationShutdownHook] HikariPool-1 - Shutdown initiated...
2023-02-07 15:40:47,680 INFO com.zaxxer.hikari.HikariDataSource [SpringApplicationShutdownHook] HikariPool-1 - Shutdown completed.
